app/build/intermediates/manifest_merge_blame_file/debug/processDebugMainManifest/manifest-merger-blame-debug-report.txt
1<?xml version="1.0" encoding="utf-8"?>
2<manifest xmlns:android="http://schemas.android.com/apk/res/android"
3    package="com.digibrood.crmconnector"
4    android:versionCode="1"
5    android:versionName="1.0.0" >
6
7    <uses-sdk
8        android:minSdkVersion="29"
9        android:targetSdkVersion="35" />
10
11    <!-- ============================ PERMISSIONS ============================ -->
12    <uses-permission android:name="android.permission.INTERNET" />
12-->src/main/AndroidManifest.xml:6:5-67
12-->src/main/AndroidManifest.xml:6:22-64
13    <uses-permission android:name="android.permission.ACCESS_NETWORK_STATE" />
13-->src/main/AndroidManifest.xml:7:5-79
13-->src/main/AndroidManifest.xml:7:22-76
14    <uses-permission android:name="android.permission.READ_CALL_LOG" />
14-->src/main/AndroidManifest.xml:9:5-72
14-->src/main/AndroidManifest.xml:9:22-69
15    <uses-permission android:name="android.permission.READ_PHONE_STATE" />
15-->src/main/AndroidManifest.xml:10:5-75
15-->src/main/AndroidManifest.xml:10:22-72
16    <uses-permission android:name="android.permission.READ_PHONE_NUMBERS" />
16-->src/main/AndroidManifest.xml:11:5-77
16-->src/main/AndroidManifest.xml:11:22-74
17    <uses-permission android:name="android.permission.READ_CONTACTS" />
17-->src/main/AndroidManifest.xml:12:5-72
17-->src/main/AndroidManifest.xml:12:22-69
18
19    <!-- Audio / recording files: granular media permission on Android 13+, legacy storage below -->
20    <uses-permission android:name="android.permission.READ_MEDIA_AUDIO" />
20-->src/main/AndroidManifest.xml:15:5-75
20-->src/main/AndroidManifest.xml:15:22-72
21    <uses-permission
21-->src/main/AndroidManifest.xml:16:5-18:38
22        android:name="android.permission.READ_EXTERNAL_STORAGE"
22-->src/main/AndroidManifest.xml:17:9-64
23        android:maxSdkVersion="32" />
23-->src/main/AndroidManifest.xml:18:9-35
24    <uses-permission android:name="android.permission.POST_NOTIFICATIONS" />
24-->src/main/AndroidManifest.xml:20:5-77
24-->src/main/AndroidManifest.xml:20:22-74
25    <uses-permission android:name="android.permission.FOREGROUND_SERVICE" />
25-->src/main/AndroidManifest.xml:22:5-77
25-->src/main/AndroidManifest.xml:22:22-74
26    <uses-permission android:name="android.permission.FOREGROUND_SERVICE_DATA_SYNC" />
26-->src/main/AndroidManifest.xml:23:5-87
26-->src/main/AndroidManifest.xml:23:22-84
27    <uses-permission android:name="android.permission.SYSTEM_ALERT_WINDOW" />
27-->src/main/AndroidManifest.xml:25:5-78
27-->src/main/AndroidManifest.xml:25:22-75
28    <uses-permission android:name="android.permission.RECEIVE_BOOT_COMPLETED" />
28-->src/main/AndroidManifest.xml:26:5-81
28-->src/main/AndroidManifest.xml:26:22-78
29    <uses-permission android:name="android.permission.WAKE_LOCK" />
29-->[androidx.work:work-runtime:2.9.1] AndroidManifest.xml:23:5-68
29-->[androidx.work:work-runtime:2.9.1] AndroidManifest.xml:23:22-65
30
31    <permission
31-->[androidx.core:core:1.13.1] AndroidManifest.xml:22:5-24:47
32        android:name="com.digibrood.crmconnector.DYNAMIC_RECEIVER_NOT_EXPORTED_PERMISSION"
32-->[androidx.core:core:1.13.1] AndroidManifest.xml:23:9-81
33        android:protectionLevel="signature" />
33-->[androidx.core:core:1.13.1] AndroidManifest.xml:24:9-44
34
35    <uses-permission android:name="com.digibrood.crmconnector.DYNAMIC_RECEIVER_NOT_EXPORTED_PERMISSION" />
35-->[androidx.core:core:1.13.1] AndroidManifest.xml:26:5-97
35-->[androidx.core:core:1.13.1] AndroidManifest.xml:26:22-94
36
37    <application
37-->src/main/AndroidManifest.xml:28:5-104:19
38        android:name="com.digibrood.crmconnector.CrmConnectorApp"
38-->src/main/AndroidManifest.xml:29:9-40
39        android:allowBackup="false"
39-->src/main/AndroidManifest.xml:30:9-36
40        android:appComponentFactory="androidx.core.app.CoreComponentFactory"
40-->[androidx.core:core:1.13.1] AndroidManifest.xml:28:18-86
41        android:dataExtractionRules="@xml/data_extraction_rules"
41-->src/main/AndroidManifest.xml:31:9-65
42        android:debuggable="true"
43        android:extractNativeLibs="false"
44        android:fullBackupContent="@xml/backup_rules"
44-->src/main/AndroidManifest.xml:32:9-54
45        android:icon="@mipmap/ic_launcher"
45-->src/main/AndroidManifest.xml:33:9-43
46        android:label="@string/app_name"
46-->src/main/AndroidManifest.xml:34:9-41
47        android:networkSecurityConfig="@xml/network_security_config"
47-->src/main/AndroidManifest.xml:37:9-69
48        android:roundIcon="@mipmap/ic_launcher_round"
48-->src/main/AndroidManifest.xml:35:9-54
49        android:supportsRtl="true"
49-->src/main/AndroidManifest.xml:36:9-35
50        android:theme="@style/Theme.CRMConnector" >
50-->src/main/AndroidManifest.xml:38:9-50
51
52        <!-- Disable the default WorkManager initializer; we provide a custom Configuration via Hilt -->
53        <provider
54            android:name="androidx.startup.InitializationProvider"
54-->src/main/AndroidManifest.xml:43:13-67
55            android:authorities="com.digibrood.crmconnector.androidx-startup"
55-->src/main/AndroidManifest.xml:44:13-68
56            android:exported="false" >
56-->src/main/AndroidManifest.xml:45:13-37
57            <meta-data
57-->[androidx.emoji2:emoji2:1.3.0] AndroidManifest.xml:29:13-31:52
58                android:name="androidx.emoji2.text.EmojiCompatInitializer"
58-->[androidx.emoji2:emoji2:1.3.0] AndroidManifest.xml:30:17-75
59                android:value="androidx.startup" />
59-->[androidx.emoji2:emoji2:1.3.0] AndroidManifest.xml:31:17-49
60            <meta-data
60-->[androidx.lifecycle:lifecycle-process:2.8.6] AndroidManifest.xml:29:13-31:52
61                android:name="androidx.lifecycle.ProcessLifecycleInitializer"
61-->[androidx.lifecycle:lifecycle-process:2.8.6] AndroidManifest.xml:30:17-78
62                android:value="androidx.startup" />
62-->[androidx.lifecycle:lifecycle-process:2.8.6] AndroidManifest.xml:31:17-49
63            <meta-data
63-->[androidx.profileinstaller:profileinstaller:1.3.1] AndroidManifest.xml:29:13-31:52
64                android:name="androidx.profileinstaller.ProfileInstallerInitializer"
64-->[androidx.profileinstaller:profileinstaller:1.3.1] AndroidManifest.xml:30:17-85
65                android:value="androidx.startup" />
65-->[androidx.profileinstaller:profileinstaller:1.3.1] AndroidManifest.xml:31:17-49
66        </provider>
67
68        <activity
68-->src/main/AndroidManifest.xml:53:9-63:20
69            android:name="com.digibrood.crmconnector.MainActivity"
69-->src/main/AndroidManifest.xml:54:13-41
70            android:exported="true"
70-->src/main/AndroidManifest.xml:55:13-36
71            android:launchMode="singleTop"
71-->src/main/AndroidManifest.xml:56:13-43
72            android:theme="@style/Theme.CRMConnector.Splash"
72-->src/main/AndroidManifest.xml:57:13-61
73            android:windowSoftInputMode="adjustResize" >
73-->src/main/AndroidManifest.xml:58:13-55
74            <intent-filter>
74-->src/main/AndroidManifest.xml:59:13-62:29
75                <action android:name="android.intent.action.MAIN" />
75-->src/main/AndroidManifest.xml:60:17-69
75-->src/main/AndroidManifest.xml:60:25-66
76
77                <category android:name="android.intent.category.LAUNCHER" />
77-->src/main/AndroidManifest.xml:61:17-77
77-->src/main/AndroidManifest.xml:61:27-74
78            </intent-filter>
79        </activity>
80
81        <!-- Transparent activity that hosts the call-end overlay popup -->
82        <activity
82-->src/main/AndroidManifest.xml:66:9-72:69
83            android:name="com.digibrood.crmconnector.overlay.CallPopupActivity"
83-->src/main/AndroidManifest.xml:67:13-54
84            android:excludeFromRecents="true"
84-->src/main/AndroidManifest.xml:69:13-46
85            android:exported="false"
85-->src/main/AndroidManifest.xml:68:13-37
86            android:launchMode="singleTask"
86-->src/main/AndroidManifest.xml:70:13-44
87            android:taskAffinity=""
87-->src/main/AndroidManifest.xml:71:13-36
88            android:theme="@style/Theme.CRMConnector.Transparent" />
88-->src/main/AndroidManifest.xml:72:13-66
89
90        <!-- Persistent foreground sync service -->
91        <service
91-->src/main/AndroidManifest.xml:75:9-79:56
92            android:name="com.digibrood.crmconnector.service.SyncForegroundService"
92-->src/main/AndroidManifest.xml:76:13-58
93            android:enabled="true"
93-->src/main/AndroidManifest.xml:77:13-35
94            android:exported="false"
94-->src/main/AndroidManifest.xml:78:13-37
95            android:foregroundServiceType="dataSync" />
95-->src/main/AndroidManifest.xml:79:13-53
96
97        <!-- Captures incoming/outgoing call state changes -->
98        <receiver
98-->src/main/AndroidManifest.xml:82:9-90:20
99            android:name="com.digibrood.crmconnector.receiver.CallReceiver"
99-->src/main/AndroidManifest.xml:83:13-50
100            android:enabled="true"
100-->src/main/AndroidManifest.xml:84:13-35
101            android:exported="true" >
101-->src/main/AndroidManifest.xml:85:13-36
102            <intent-filter>
102-->src/main/AndroidManifest.xml:86:13-89:29
103                <action android:name="android.intent.action.PHONE_STATE" />
103-->src/main/AndroidManifest.xml:87:17-76
103-->src/main/AndroidManifest.xml:87:25-73
104                <action android:name="android.intent.action.NEW_OUTGOING_CALL" />
104-->src/main/AndroidManifest.xml:88:17-82
104-->src/main/AndroidManifest.xml:88:25-79
105            </intent-filter>
106        </receiver>
107
108        <!-- Restarts the sync service after device reboot -->
109        <receiver
109-->src/main/AndroidManifest.xml:93:9-102:20
110            android:name="com.digibrood.crmconnector.receiver.BootReceiver"
110-->src/main/AndroidManifest.xml:94:13-50
111            android:enabled="true"
111-->src/main/AndroidManifest.xml:95:13-35
112            android:exported="true" >
112-->src/main/AndroidManifest.xml:96:13-36
113            <intent-filter>
113-->src/main/AndroidManifest.xml:97:13-101:29
114                <action android:name="android.intent.action.BOOT_COMPLETED" />
114-->src/main/AndroidManifest.xml:98:17-79
114-->src/main/AndroidManifest.xml:98:25-76
115                <action android:name="android.intent.action.LOCKED_BOOT_COMPLETED" />
115-->src/main/AndroidManifest.xml:99:17-86
115-->src/main/AndroidManifest.xml:99:25-83
116                <action android:name="android.intent.action.QUICKBOOT_POWERON" />
116-->src/main/AndroidManifest.xml:100:17-82
116-->src/main/AndroidManifest.xml:100:25-79
117            </intent-filter>
118        </receiver>
119
120        <service
120-->[androidx.work:work-runtime:2.9.1] AndroidManifest.xml:39:9-45:35
121            android:name="androidx.work.impl.background.systemalarm.SystemAlarmService"
121-->[androidx.work:work-runtime:2.9.1] AndroidManifest.xml:40:13-88
122            android:directBootAware="false"
122-->[androidx.work:work-runtime:2.9.1] AndroidManifest.xml:41:13-44
123            android:enabled="@bool/enable_system_alarm_service_default"
123-->[androidx.work:work-runtime:2.9.1] AndroidManifest.xml:42:13-72
124            android:exported="false" />
124-->[androidx.work:work-runtime:2.9.1] AndroidManifest.xml:43:13-37
125        <service
125-->[androidx.work:work-runtime:2.9.1] AndroidManifest.xml:46:9-52:35
126            android:name="androidx.work.impl.background.systemjob.SystemJobService"
126-->[androidx.work:work-runtime:2.9.1] AndroidManifest.xml:47:13-84
127            android:directBootAware="false"
127-->[androidx.work:work-runtime:2.9.1] AndroidManifest.xml:48:13-44
128            android:enabled="@bool/enable_system_job_service_default"
128-->[androidx.work:work-runtime:2.9.1] AndroidManifest.xml:49:13-70
129            android:exported="true"
129-->[androidx.work:work-runtime:2.9.1] AndroidManifest.xml:50:13-36
130            android:permission="android.permission.BIND_JOB_SERVICE" />
130-->[androidx.work:work-runtime:2.9.1] AndroidManifest.xml:51:13-69
131        <service
131-->[androidx.work:work-runtime:2.9.1] AndroidManifest.xml:53:9-59:35
132            android:name="androidx.work.impl.foreground.SystemForegroundService"
132-->[androidx.work:work-runtime:2.9.1] AndroidManifest.xml:54:13-81
133            android:directBootAware="false"
133-->[androidx.work:work-runtime:2.9.1] AndroidManifest.xml:55:13-44
134            android:enabled="@bool/enable_system_foreground_service_default"
134-->[androidx.work:work-runtime:2.9.1] AndroidManifest.xml:56:13-77
135            android:exported="false" />
135-->[androidx.work:work-runtime:2.9.1] AndroidManifest.xml:57:13-37
136
137        <receiver
137-->[androidx.work:work-runtime:2.9.1] AndroidManifest.xml:61:9-66:35
138            android:name="androidx.work.impl.utils.ForceStopRunnable$BroadcastReceiver"
138-->[androidx.work:work-runtime:2.9.1] AndroidManifest.xml:62:13-88
139            android:directBootAware="false"
139-->[androidx.work:work-runtime:2.9.1] AndroidManifest.xml:63:13-44
140            android:enabled="true"
140-->[androidx.work:work-runtime:2.9.1] AndroidManifest.xml:64:13-35
141            android:exported="false" />
141-->[androidx.work:work-runtime:2.9.1] AndroidManifest.xml:65:13-37
142        <receiver
142-->[androidx.work:work-runtime:2.9.1] AndroidManifest.xml:67:9-77:20
143            android:name="androidx.work.impl.background.systemalarm.ConstraintProxy$BatteryChargingProxy"
143-->[androidx.work:work-runtime:2.9.1] AndroidManifest.xml:68:13-106
144            android:directBootAware="false"
144-->[androidx.work:work-runtime:2.9.1] AndroidManifest.xml:69:13-44
145            android:enabled="false"
145-->[androidx.work:work-runtime:2.9.1] AndroidManifest.xml:70:13-36
146            android:exported="false" >
146-->[androidx.work:work-runtime:2.9.1] AndroidManifest.xml:71:13-37
147            <intent-filter>
147-->[androidx.work:work-runtime:2.9.1] AndroidManifest.xml:73:13-76:29
148                <action android:name="android.intent.action.ACTION_POWER_CONNECTED" />
148-->[androidx.work:work-runtime:2.9.1] AndroidManifest.xml:74:17-87
148-->[androidx.work:work-runtime:2.9.1] AndroidManifest.xml:74:25-84
149                <action android:name="android.intent.action.ACTION_POWER_DISCONNECTED" />
149-->[androidx.work:work-runtime:2.9.1] AndroidManifest.xml:75:17-90
149-->[androidx.work:work-runtime:2.9.1] AndroidManifest.xml:75:25-87
150            </intent-filter>
151        </receiver>
152        <receiver
152-->[androidx.work:work-runtime:2.9.1] AndroidManifest.xml:78:9-88:20
153            android:name="androidx.work.impl.background.systemalarm.ConstraintProxy$BatteryNotLowProxy"
153-->[androidx.work:work-runtime:2.9.1] AndroidManifest.xml:79:13-104
154            android:directBootAware="false"
154-->[androidx.work:work-runtime:2.9.1] AndroidManifest.xml:80:13-44
155            android:enabled="false"
155-->[androidx.work:work-runtime:2.9.1] AndroidManifest.xml:81:13-36
156            android:exported="false" >
156-->[androidx.work:work-runtime:2.9.1] AndroidManifest.xml:82:13-37
157            <intent-filter>
157-->[androidx.work:work-runtime:2.9.1] AndroidManifest.xml:84:13-87:29
158                <action android:name="android.intent.action.BATTERY_OKAY" />
158-->[androidx.work:work-runtime:2.9.1] AndroidManifest.xml:85:17-77
158-->[androidx.work:work-runtime:2.9.1] AndroidManifest.xml:85:25-74
159                <action android:name="android.intent.action.BATTERY_LOW" />
159-->[androidx.work:work-runtime:2.9.1] AndroidManifest.xml:86:17-76
159-->[androidx.work:work-runtime:2.9.1] AndroidManifest.xml:86:25-73
160            </intent-filter>
161        </receiver>
162        <receiver
162-->[androidx.work:work-runtime:2.9.1] AndroidManifest.xml:89:9-99:20
163            android:name="androidx.work.impl.background.systemalarm.ConstraintProxy$StorageNotLowProxy"
163-->[androidx.work:work-runtime:2.9.1] AndroidManifest.xml:90:13-104
164            android:directBootAware="false"
164-->[androidx.work:work-runtime:2.9.1] AndroidManifest.xml:91:13-44
165            android:enabled="false"
165-->[androidx.work:work-runtime:2.9.1] AndroidManifest.xml:92:13-36
166            android:exported="false" >
166-->[androidx.work:work-runtime:2.9.1] AndroidManifest.xml:93:13-37
167            <intent-filter>
167-->[androidx.work:work-runtime:2.9.1] AndroidManifest.xml:95:13-98:29
168                <action android:name="android.intent.action.DEVICE_STORAGE_LOW" />
168-->[androidx.work:work-runtime:2.9.1] AndroidManifest.xml:96:17-83
168-->[androidx.work:work-runtime:2.9.1] AndroidManifest.xml:96:25-80
169                <action android:name="android.intent.action.DEVICE_STORAGE_OK" />
169-->[androidx.work:work-runtime:2.9.1] AndroidManifest.xml:97:17-82
169-->[androidx.work:work-runtime:2.9.1] AndroidManifest.xml:97:25-79
170            </intent-filter>
171        </receiver>
172        <receiver
172-->[androidx.work:work-runtime:2.9.1] AndroidManifest.xml:100:9-109:20
173            android:name="androidx.work.impl.background.systemalarm.ConstraintProxy$NetworkStateProxy"
173-->[androidx.work:work-runtime:2.9.1] AndroidManifest.xml:101:13-103
174            android:directBootAware="false"
174-->[androidx.work:work-runtime:2.9.1] AndroidManifest.xml:102:13-44
175            android:enabled="false"
175-->[androidx.work:work-runtime:2.9.1] AndroidManifest.xml:103:13-36
176            android:exported="false" >
176-->[androidx.work:work-runtime:2.9.1] AndroidManifest.xml:104:13-37
177            <intent-filter>
177-->[androidx.work:work-runtime:2.9.1] AndroidManifest.xml:106:13-108:29
178                <action android:name="android.net.conn.CONNECTIVITY_CHANGE" />
178-->[androidx.work:work-runtime:2.9.1] AndroidManifest.xml:107:17-79
178-->[androidx.work:work-runtime:2.9.1] AndroidManifest.xml:107:25-76
179            </intent-filter>
180        </receiver>
181        <receiver
181-->[androidx.work:work-runtime:2.9.1] AndroidManifest.xml:110:9-121:20
182            android:name="androidx.work.impl.background.systemalarm.RescheduleReceiver"
182-->[androidx.work:work-runtime:2.9.1] AndroidManifest.xml:111:13-88
183            android:directBootAware="false"
183-->[androidx.work:work-runtime:2.9.1] AndroidManifest.xml:112:13-44
184            android:enabled="false"
184-->[androidx.work:work-runtime:2.9.1] AndroidManifest.xml:113:13-36
185            android:exported="false" >
185-->[androidx.work:work-runtime:2.9.1] AndroidManifest.xml:114:13-37
186            <intent-filter>
186-->[androidx.work:work-runtime:2.9.1] AndroidManifest.xml:116:13-120:29
187                <action android:name="android.intent.action.BOOT_COMPLETED" />
187-->src/main/AndroidManifest.xml:98:17-79
187-->src/main/AndroidManifest.xml:98:25-76
188                <action android:name="android.intent.action.TIME_SET" />
188-->[androidx.work:work-runtime:2.9.1] AndroidManifest.xml:118:17-73
188-->[androidx.work:work-runtime:2.9.1] AndroidManifest.xml:118:25-70
189                <action android:name="android.intent.action.TIMEZONE_CHANGED" />
189-->[androidx.work:work-runtime:2.9.1] AndroidManifest.xml:119:17-81
189-->[androidx.work:work-runtime:2.9.1] AndroidManifest.xml:119:25-78
190            </intent-filter>
191        </receiver>
192        <receiver
192-->[androidx.work:work-runtime:2.9.1] AndroidManifest.xml:122:9-131:20
193            android:name="androidx.work.impl.background.systemalarm.ConstraintProxyUpdateReceiver"
193-->[androidx.work:work-runtime:2.9.1] AndroidManifest.xml:123:13-99
194            android:directBootAware="false"
194-->[androidx.work:work-runtime:2.9.1] AndroidManifest.xml:124:13-44
195            android:enabled="@bool/enable_system_alarm_service_default"
195-->[androidx.work:work-runtime:2.9.1] AndroidManifest.xml:125:13-72
196            android:exported="false" >
196-->[androidx.work:work-runtime:2.9.1] AndroidManifest.xml:126:13-37
197            <intent-filter>
197-->[androidx.work:work-runtime:2.9.1] AndroidManifest.xml:128:13-130:29
198                <action android:name="androidx.work.impl.background.systemalarm.UpdateProxies" />
198-->[androidx.work:work-runtime:2.9.1] AndroidManifest.xml:129:17-98
198-->[androidx.work:work-runtime:2.9.1] AndroidManifest.xml:129:25-95
199            </intent-filter>
200        </receiver>
201        <receiver
201-->[androidx.work:work-runtime:2.9.1] AndroidManifest.xml:132:9-142:20
202            android:name="androidx.work.impl.diagnostics.DiagnosticsReceiver"
202-->[androidx.work:work-runtime:2.9.1] AndroidManifest.xml:133:13-78
203            android:directBootAware="false"
203-->[androidx.work:work-runtime:2.9.1] AndroidManifest.xml:134:13-44
204            android:enabled="true"
204-->[androidx.work:work-runtime:2.9.1] AndroidManifest.xml:135:13-35
205            android:exported="true"
205-->[androidx.work:work-runtime:2.9.1] AndroidManifest.xml:136:13-36
206            android:permission="android.permission.DUMP" >
206-->[androidx.work:work-runtime:2.9.1] AndroidManifest.xml:137:13-57
207            <intent-filter>
207-->[androidx.work:work-runtime:2.9.1] AndroidManifest.xml:139:13-141:29
208                <action android:name="androidx.work.diagnostics.REQUEST_DIAGNOSTICS" />
208-->[androidx.work:work-runtime:2.9.1] AndroidManifest.xml:140:17-88
208-->[androidx.work:work-runtime:2.9.1] AndroidManifest.xml:140:25-85
209            </intent-filter>
210        </receiver>
211
212        <activity
212-->[androidx.compose.ui:ui-tooling-android:1.7.3] AndroidManifest.xml:23:9-25:39
213            android:name="androidx.compose.ui.tooling.PreviewActivity"
213-->[androidx.compose.ui:ui-tooling-android:1.7.3] AndroidManifest.xml:24:13-71
214            android:exported="true" />
214-->[androidx.compose.ui:ui-tooling-android:1.7.3] AndroidManifest.xml:25:13-36
215
216        <service
216-->[androidx.room:room-runtime:2.6.1] AndroidManifest.xml:24:9-28:63
217            android:name="androidx.room.MultiInstanceInvalidationService"
217-->[androidx.room:room-runtime:2.6.1] AndroidManifest.xml:25:13-74
218            android:directBootAware="true"
218-->[androidx.room:room-runtime:2.6.1] AndroidManifest.xml:26:13-43
219            android:exported="false" />
219-->[androidx.room:room-runtime:2.6.1] AndroidManifest.xml:27:13-37
220
221        <receiver
221-->[androidx.profileinstaller:profileinstaller:1.3.1] AndroidManifest.xml:34:9-52:20
222            android:name="androidx.profileinstaller.ProfileInstallReceiver"
222-->[androidx.profileinstaller:profileinstaller:1.3.1] AndroidManifest.xml:35:13-76
223            android:directBootAware="false"
223-->[androidx.profileinstaller:profileinstaller:1.3.1] AndroidManifest.xml:36:13-44
224            android:enabled="true"
224-->[androidx.profileinstaller:profileinstaller:1.3.1] AndroidManifest.xml:37:13-35
225            android:exported="true"
225-->[androidx.profileinstaller:profileinstaller:1.3.1] AndroidManifest.xml:38:13-36
226            android:permission="android.permission.DUMP" >
226-->[androidx.profileinstaller:profileinstaller:1.3.1] AndroidManifest.xml:39:13-57
227            <intent-filter>
227-->[androidx.profileinstaller:profileinstaller:1.3.1] AndroidManifest.xml:40:13-42:29
228                <action android:name="androidx.profileinstaller.action.INSTALL_PROFILE" />
228-->[androidx.profileinstaller:profileinstaller:1.3.1] AndroidManifest.xml:41:17-91
228-->[androidx.profileinstaller:profileinstaller:1.3.1] AndroidManifest.xml:41:25-88
229            </intent-filter>
230            <intent-filter>
230-->[androidx.profileinstaller:profileinstaller:1.3.1] AndroidManifest.xml:43:13-45:29
231                <action android:name="androidx.profileinstaller.action.SKIP_FILE" />
231-->[androidx.profileinstaller:profileinstaller:1.3.1] AndroidManifest.xml:44:17-85
231-->[androidx.profileinstaller:profileinstaller:1.3.1] AndroidManifest.xml:44:25-82
232            </intent-filter>
233            <intent-filter>
233-->[androidx.profileinstaller:profileinstaller:1.3.1] AndroidManifest.xml:46:13-48:29
234                <action android:name="androidx.profileinstaller.action.SAVE_PROFILE" />
234-->[androidx.profileinstaller:profileinstaller:1.3.1] AndroidManifest.xml:47:17-88
234-->[androidx.profileinstaller:profileinstaller:1.3.1] AndroidManifest.xml:47:25-85
235            </intent-filter>
236            <intent-filter>
236-->[androidx.profileinstaller:profileinstaller:1.3.1] AndroidManifest.xml:49:13-51:29
237                <action android:name="androidx.profileinstaller.action.BENCHMARK_OPERATION" />
237-->[androidx.profileinstaller:profileinstaller:1.3.1] AndroidManifest.xml:50:17-95
237-->[androidx.profileinstaller:profileinstaller:1.3.1] AndroidManifest.xml:50:25-92
238            </intent-filter>
239        </receiver>
240    </application>
241
242</manifest>